<?xml version="1.0" encoding="UTF-8"?>
<!-- Generated by org.testng.reporters.JUnitReportReporter -->
<testsuite hostname="197nodnb26926" failures="0" tests="3" name="Smallcase.Assign2.FlipkartTest" time="21.781" errors="0" timestamp="2021-06-26T21:49:09 IST" skipped="0">
  <testcase classname="Smallcase.Assign2.FlipkartTest" name="selectItem" time="7.162"/>
  <system-out/>
  <testcase classname="Smallcase.Assign2.FlipkartTest" name="searchItem" time="3.275"/>
  <system-out/>
  <testcase classname="Smallcase.Assign2.FlipkartTest" name="navigateTo" time="11.344"/>
  <system-out/>
</testsuite> <!-- Smallcase.Assign2.FlipkartTest -->
