<?xml version="1.0" encoding="UTF-8"?>
<!-- Generated by org.testng.reporters.JUnitReportReporter -->
<testsuite hostname="197nodnb26926" failures="0" tests="3" name="Smallcase.Assign2.FlipkartSearchPage" time="15.721" errors="0" timestamp="2021-06-25T19:27:54 IST" skipped="0">
  <testcase classname="Smallcase.Assign2.FlipkartSearchPage" name="navigateTo" time="7.156"/>
  <system-out/>
  <testcase classname="Smallcase.Assign2.FlipkartSearchPage" name="searchItem" time="3.339"/>
  <system-out/>
  <testcase classname="Smallcase.Assign2.FlipkartSearchPage" name="selectItem" time="5.226"/>
  <system-out/>
</testsuite> <!-- Smallcase.Assign2.FlipkartSearchPage -->
