<?xml version="1.0" encoding="UTF-8"?>
<!-- Generated by org.testng.reporters.JUnitReportReporter -->
<testsuite hostname="197nodnb26926" failures="0" tests="1" name="Smallcase.Assign2.PriceCompare" time="0.001" errors="0" timestamp="2021-06-26T21:49:09 IST" skipped="0">
  <testcase classname="Smallcase.Assign2.PriceCompare" name="comparePrices" time="0.001"/>
  <system-out/>
</testsuite> <!-- Smallcase.Assign2.PriceCompare -->
