<?xml version="1.0" encoding="UTF-8"?>
<!-- Generated by org.testng.reporters.JUnitReportReporter -->
<testsuite hostname="197nodnb26926" failures="0" tests="3" name="Smallcase.Assign1.FlipkartSearchPage" time="15.360" errors="0" timestamp="2021-06-26T11:00:01 IST" skipped="0">
  <testcase classname="Smallcase.Assign1.FlipkartSearchPage" name="searchItem" time="3.260"/>
  <system-out/>
  <testcase classname="Smallcase.Assign1.FlipkartSearchPage" name="selectItem" time="7.223"/>
  <system-out/>
  <testcase classname="Smallcase.Assign1.FlipkartSearchPage" name="navigateTo" time="4.877"/>
  <system-out/>
</testsuite> <!-- Smallcase.Assign1.FlipkartSearchPage -->
